  EntityManager.cpp
  DumbZombie.cpp
C:\Users\erick\OpengGL_Projects\aurora87\IAZombieGame\IAZombieGame\AIEnviroment\Player\Player.h(9,9): error C1083: No se puede abrir el archivo incluir: 'shaderClass.h': No such file or directory
  (compilando archivo de origen "AIEnviroment/DumbZombie/DumbZombie.cpp")
  
  FiniteStateDumbZombie.cpp
  CalculateBoxVision.cpp
  EvadeObstacle.cpp
  Persuit.cpp
  Seek.cpp
C:\Users\erick\OpengGL_Projects\aurora87\IAZombieGame\IAZombieGame\AIEnviroment\Player\Player.h(9,9): error C1083: No se puede abrir el archivo incluir: 'shaderClass.h': No such file or directory
  (compilando archivo de origen "AIEnviroment/DumbZombie/Mechanics/Seek.cpp")
  
  ZombieSleep.cpp
C:\Users\erick\OpengGL_Projects\aurora87\IAZombieGame\IAZombieGame\AIEnviroment\Player\Player.h(9,9): error C1083: No se puede abrir el archivo incluir: 'shaderClass.h': No such file or directory
  (compilando archivo de origen "AIEnviroment/DumbZombie/Mechanics/ZombieSleep.cpp")
  
  FiniteStatePlayer.cpp
  Player.cpp
C:\Users\erick\OpengGL_Projects\aurora87\IAZombieGame\IAZombieGame\AIEnviroment\Player\Player.h(9,9): error C1083: No se puede abrir el archivo incluir: 'shaderClass.h': No such file or directory
  (compilando archivo de origen "AIEnviroment/Player/Player.cpp")
  
  EventManager.cpp
  Main.cpp
  Generando código...
